================================================================================
2026-06-24 08:59:40 CST | 和碩(4938) | 現價: 80.60 TWD | 昨收: 80.40 TWD
漲停: 88.40 | 跌停: 72.40
買價: 80.60/80.50/80.40/80.30/80.20
賣價: 80.90/81.00/81.10/81.20/81.30
漲跌: +0.20 (+0.25%) vs 昨收 | 漲跌 vs 上次記錄: +0.20 (+0.25%)
成交量: 0 (尚未成交)
狀態: 正常 (未達3%警示門檻)
================================================================================
================================================================================
2026-06-24 09:02:50 CST | 和碩(4938) | 現價: 80.50 TWD | 昨收: 80.40 TWD
漲停: 88.40 | 跌停: 72.40
買價: 80.50/80.40/80.30/80.20/80.10
賣價: 80.70/80.80/80.90/81.00/81.10
漲跌: +0.10 (+0.12%) vs 昨收 | 漲跌 vs 上次記錄: -0.10 (-0.12%)
成交量: 658
狀態: ✅ 正常 (未達3%警示門檻)
================================================================================
================================================================================
2026-06-24 09:06:53 CST | 和碩(4938) | 現價: 80.40 TWD | 昨收: 80.40 TWD
漲停: 88.40 | 跌停: 72.40
買價: 80.40/80.30/80.20/80.10/80.00
賣價: 80.50/80.60/80.70/80.80/80.90
漲跌: +0.00 (+0.00%) vs 昨收 | 漲跌 vs 上次記錄: -0.10 (-0.12%)
成交量: 946 (尚無成交，參考買價)
狀態: 正常 (未達3%警示門檻)
================================================================================
================================================================================
2026-06-24 09:15:03 CST | 和碩(4938) | 現價: 80.15 TWD | 昨收: 80.40 TWD
漲停: 88.40 | 跌停: 72.40
開盤: 80.30 | 最高: 80.60 | 最低: 80.10
買價: 80.10/80.00/79.90/79.80/79.70
賣價: 80.20/80.30/80.40/80.50/80.60
漲跌: -0.25 (-0.31%) vs 昨收 | 漲跌 vs 上次記錄: -0.25 (-0.31%)
成交量: 1492
狀態: ✅ 正常 (未達3%警示門檻)
================================================================================

================================================================================
2026-06-24 09:21:55 CST | 和碩(4938) | 現價: 80.70 TWD | 昨收: 80.40 TWD
漲停: 88.40 | 跌停: 72.40
開盤: 80.30 | 最高: 81.30 | 最低: 80.10
買價: 80.70/80.60/80.50/80.40/80.30
賣價: 80.90/81.00/81.10/81.20/81.30
漲跌: +0.30 (+0.37%) vs 昨收 | 漲跌 vs 上次記錄: +0.55 (+0.69%)
成交量: 2167
狀態: ✅ 正常 (未達3%警示門檻)
================================================================================

================================================================================
2026-06-24 09:29:57 CST | (4938) | 81.30 TWD | 80.40 TWD
88.40 | 72.40
80.30 | 81.40 | 80.10
81.30/81.20/81.10/81.00/80.90
81.40/81.50/81.60/81.70/81.80
+0.90 (+1.12%) | +0.60 (+0.74%)
2475
NORMAL
================================================================================

================================================================================
2026-06-24 09:36:24 CST | 和碩(4938) | 現價: 81.80 TWD | 昨收: 80.40 TWD
漲停: 88.40 | 跌停: 72.40
開盤: 80.30 | 最高: 82.00 | 最低: 80.10
買價: 81.70/81.60/81.50/81.40/81.30
賣價: 81.80/81.90/82.00/82.10/82.20
漲跌: +1.40 (+1.74%) vs 昨收 | 漲跌 vs 上次記錄: +0.50 (+0.61%)
成交量: 3405
狀態: ✅ 正常 (未達3%警示門檻)
================================================================================

================================================================================
2026-06-24 09:40:53 CST | 和碩(4938) | 現價: 81.95 TWD | 昨收: 80.40 TWD
漲停: 88.40 | 跌停: 72.40
開盤: 80.30 | 最高: 82.00 | 最低: 80.10
買價: 81.90/81.80/81.70/81.60/81.50
賣價: 82.00/82.10/82.20/82.30/82.40
漲跌: +1.55 (+1.93%) vs 昨收 | 漲跌 vs 上次記錄: +0.15 (+0.18%)
成交量: 3663
狀態: ✅ 正常 (未達3%警示門檻)
================================================================================

================================================================================
2026-06-24 09:47:44 CST | 和碩(4938) | 現價: 82.20 TWD (參考買價，無最新成交) | 昨收: 80.40 TWD
漲停: 88.40 | 跌停: 72.40
開盤: 80.30 | 最高: 82.30 | 最低: 80.10
買價: 82.20/82.10/82.00/81.90/81.80
賣價: 82.30/82.40/82.50/82.60/82.70
漲跌: +1.80 (+2.24%) vs 昨收 | 漲跌 vs 上次記錄: +0.25 (+0.31%)
成交量: 4273
狀態: ✅ 正常 (未達3%警示門檻)
================================================================================
================================================================================
2026-06-24 09:52:47 CST | 和碩(4938) | 現價: 83.40 TWD | 昨收: 80.40 TWD
漲停: 88.40 | 跌停: 72.40
開盤: 80.30 | 最高: 83.60 | 最低: 80.10
買價: 83.40/83.30/83.20/83.10/83.00
賣價: 83.60/83.70/83.80/83.90/84.00
漲跌: +3.00 (+3.73%) vs 昨收 | 漲跌 vs 上次記錄: +1.20 (+1.46%)
成交量: 5818
狀態: ⚠️ 漲跌幅超過3%！已發送Telegram警示
================================================================================

================================================================================
2026-06-24 09:59:39 CST | 和碩(4938) | 現價: 83.15 TWD (買賣均價，無最新成交) | 昨收: 80.40 TWD
漲停: 88.40 | 跌停: 72.40
開盤: 80.30 | 最高: 83.60 | 最低: 80.10
買價: 83.10/83.00/82.90/82.80/82.70
賣價: 83.20/83.30/83.40/83.50/83.60
漲跌: +2.75 (+3.42%) vs 昨收 | 漲跌 vs 上次記錄: -0.25 (-0.30%)
成交量: 6373
狀態: ✅ 正常 (未達3%警示門檻 vs 上次記錄)
================================================================================

================================================================================
2026-06-24 10:04:05 CST | 和碩(4938) | 現價: 82.90 TWD | 昨收: 80.40 TWD
買價: 82.90/82.80/82.70/82.60/82.50
賣價: 83.00/83.10/83.20/83.30/83.40
漲跌: +2.50 (+3.11%) vs 昨收 | 漲跌 vs 上次記錄: -0.25 (-0.30%)
成交量: 7853
狀態: ✅ 正常 (未達3%警示門檻 vs 上次記錄)
================================================================================

================================================================================
2026-06-24 10:08:15 CST | 和碩(4938) | 現價: 83.00 TWD (參考買價，無最新成交) | 昨收: 80.40 TWD
漲停: 88.40 | 跌停: 72.40
開盤: 80.30 | 最高: 83.80 | 最低: 80.10
買價: 83.00/82.90/82.80/82.70/82.60
賣價: 83.10/83.20/83.30/83.40/83.50
漲跌: +2.60 (+3.23%) vs 昨收 | 漲跌 vs 上次記錄: +0.10 (+0.12%)
成交量: 8062
狀態: ✅ 正常 (未達3%警示門檻 vs 上次記錄)
================================================================================

================================================================================
2026-06-24 10:11:48 CST | 和碩(4938) | 現價: 82.80 TWD (買價第一檔，無最新成交) | 昨收: 80.40 TWD
漲停: 88.40 | 跌停: 72.40
開盤: 80.30 | 最高: 83.80 | 最低: 80.10
買價: 82.80/82.90/83.00/83.10/83.20
賣價: 82.60/82.50/82.40/82.30/82.20
漲跌: +2.40 (+2.99%) vs 昨收 | 漲跌 vs 上次記錄: -0.20 (-0.24%)
成交量: 8307
狀態: ✅ 正常 (未達3%警示門檻 vs 上次記錄)
================================================================================

================================================================================
2026-06-24 10:15:39 CST | 和碩(4938) | 現價: 82.40 TWD | 昨收: 80.40 TWD
漲停: 88.40 | 跌停: 72.40
開盤: 80.30 | 最高: 83.80 | 最低: 80.10
買價: 82.60/82.70/82.80/82.90/83.00
賣價: 82.40/82.30/82.20/82.10/82.00
漲跌: +2.00 (+2.49%) vs 昨收 | 漲跌 vs 上次記錄: -0.40 (-0.48%)
成交量: 8617
狀態: ✅ 正常 (未達3%警示門檻 vs 上次記錄)
================================================================================

================================================================================
2026-06-24 10:20:41 CST | 和碩(4938) | 現價: 82.25 TWD (買賣均價) | 昨收: 80.40 TWD
漲停: 88.40 | 跌停: 72.40
開盤: 80.30 | 最高: 83.80 | 最低: 80.10
買價: 82.20/82.10/82.00/81.90/81.80
賣價: 82.30/82.40/82.50/82.60/82.70
漲跌: +1.85 (+2.30%) vs 昨收 | 漲跌 vs 上次記錄: -0.15 (-0.18%)
成交量: 8823
狀態: ✅ 正常 (未達3%警示門檻 vs 上次記錄)
================================================================================

================================================================================
2026-06-24 10:26:44 CST | 和碩(4938) | 現價: 82.30 TWD (買賣均價) | 昨收: 80.40 TWD
漲停: 88.40 | 跌停: 72.40
開盤: 80.30 | 最高: 83.80 | 最低: 80.10
買價: 82.20/82.10/82.00/81.90/81.80
賣價: 82.40/82.50/82.60/82.70/82.80
漲跌: +1.90 (+2.36%) vs 昨收 | 漲跌 vs 上次記錄: +0.05 (+0.06%)
成交量: 9058
狀態: ✅ 正常 (未達3%警示門檻 vs 上次記錄)
================================================================================

================================================================================
2026-06-24 10:30:18 CST | 和碩(4938) | 現價: 82.50 TWD (參考買價，無最新成交) | 昨收: 80.40 TWD
漲停: 88.40 | 跌停: 72.40
開盤: 80.30 | 最高: 83.80 | 最低: 80.10
買價: 82.50/82.40/82.30/82.20/82.10
賣價: 82.70/82.80/82.90/83.00/83.10
漲跌: +2.10 (+2.61%) vs 昨收 | 漲跌 vs 上次記錄: +0.20 (+0.24%)
成交量: 9149
狀態: ✅ 正常 (未達3%警示門檻 vs 上次記錄)
================================================================================

================================================================================
2026-06-24 10:36:11 CST | 和碩(4938) | 現價: 82.25 TWD (買賣均價) | 昨收: 80.40 TWD
漲停: 88.40 | 跌停: 72.40
開盤: 80.30 | 最高: 83.80 | 最低: 80.10
買價: 82.20/82.10/82.00/81.90/81.80
賣價: 82.30/82.40/82.50/82.60/82.70
漲跌: +1.85 (+2.30%) vs 昨收 | 漲跌 vs 上次記錄: -0.25 (-0.30%)
成交量: 9299
狀態: ✅ 正常 (未達3%警示門檻 vs 上次記錄)
================================================================================

================================================================================
2026-06-24 10:39:51 CST | 和碩(4938) | 現價: 82.25 TWD (買賣均價) | 昨收: 80.40 TWD
漲停: 88.40 | 跌停: 72.40
開盤: 80.30 | 最高: 83.80 | 最低: 80.10
買價: 82.20/82.10/82.00/81.90/81.80
賣價: 82.30/82.40/82.50/82.60/82.70
漲跌: +1.85 (+2.30%) vs 昨收 | 漲跌 vs 上次記錄: +0.00 (+0.00%)
成交量: 9346
狀態: ✅ 正常 (未達3%警示門檻 vs 上次記錄)
================================================================================

================================================================================
2026-06-24 10:47:22 UTC+08:00 | 和碩(4938) | 現價: 82.15 TWD (買賣均價 (買82.1/賣82.2)) | 昨收: 80.40 TWD
漲停: 88.40 | 跌停: 72.40
開盤: 80.30 | 最高: 83.80 | 最低: 80.10
買價: 82.1/82.0/81.9/81.8/81.7
賣價: 82.2/82.3/82.4/82.5/82.6
漲跌: +1.75 (+2.18%) vs 昨收 | 漲跌 vs 上次記錄: -0.10 (-0.12%)
成交量: 9545
狀態: 正常 (未達3%警示門檻 vs 上次記錄)
================================================================================

================================================================================
2026-06-24 10:50:45 CST | 和碩(4938) | 現價: 82.05 TWD (買賣均價 買82.00/賣82.10) | 昨收: 80.40 TWD
漲停: 88.40 | 跌停: 72.40
開盤: 80.30 | 最高: 83.80 | 最低: 80.10
買價: 82.00/81.90/81.80/81.70/81.60
賣價: 82.10/82.20/82.30/82.40/82.50
漲跌: +1.65 (+2.05%) vs 昨收 | 漲跌 vs 上次記錄: -0.10 (-0.12%)
成交量: 9696
狀態: ✅ 正常 (未達3%警示門檻 vs 上次記錄)
================================================================================
