=== 和碩(4938) 即時股價紀錄 ===
查詢時間: 2026-06-24 10:10:46 CST
資料時間: 2026/06/24 10:10 (盤中)

成交價: 82.70 (即時成交，來自Yahoo Finance)
漲跌: +2.86% (與昨收80.40相比，漲2.30)
開盤: 80.30
最高: 82.70
最低: 80.10
昨收: 80.40
成交量: 4,950,000張
市值: 221.805B
Beta(5Y): 0.37
本益比(TTM): 15.49
EPS(TTM): 5.34
52週區間: 67.50 - 102.50

--- 歷史紀錄 ---
[2026-06-23 09:03] 82.1 (+0.10, +0.12%) ← 首次紀錄
[2026-06-23 09:04] 82.3 (+0.30, +0.37%) ← 較前次 +0.20 (+0.24%)
[2026-06-23 09:09] 82.2 (+0.20, +0.24%) ← 較前次 -0.10 (-0.12%)
[2026-06-23 11:06] 80.40 (-1.60, -1.95%) ← 較前次 -1.80 (-2.19%) ⚠️ 跌幅超過2%
[2026-06-23 11:22] 80.40 (+0.00, +0.00%) ← 較前次 +0.00 (+0.00%)
[2026-06-23 11:33] 80.30 (-0.10, -0.12%) ← 較前次 -0.10 (-0.12%)
[2026-06-23 11:36] 80.30 (+0.00, +0.00%) ← 較前次 +0.00 (+0.00%)
[2026-06-23 11:38] 80.30 (+0.00, +0.00%) ← 較前次 +0.00 (+0.00%)
[2026-06-24 08:00] 80.40 (+0.10, +0.12%) ← 較前次 +0.10 (+0.12%) — 尚末開盤，收市價
[2026-06-24 08:04] 80.40 (+0.00, +0.00%) ← 較前次 +0.00 (+0.00%) — 尚未開盤，Yahoo即時價
[2026-06-24 08:12] 80.40 (+0.00, +0.00%) ← 較前次 +0.00 (+0.00%) — 尚未開盤，Yahoo即時價
[2026-06-24 08:22] 80.40 (+0.10, +0.12%) ← 較前次 +0.10 (+0.12%) — 尚未開盤，Yahoo即時價(均為收市價)
[2026-06-24 08:28] 80.40 (+0.00, +0.00%) ← 較前次 +0.00 (+0.00%) — 尚未開盤，Yahoo即時價(均為收市價)
[2026-06-24 08:38] 80.40 (+0.00, +0.00%) ← 較前次 +0.00 (+0.00%) — 尚未開盤，Yahoo即時價(距開盤19分鐘)
[2026-06-24 08:44] 80.40 (+0.00, +0.00%) ← 較前次 +0.00 (+0.00%) — 尚未開盤，盤前委買80.0/委賣80.5
[2026-06-24 08:49] 80.40 (+0.00, +0.00%) ← 較前次 +0.00 (+0.00%) — 尚未開盤，盤前委買80.4(53張)/委賣80.5(12張)
[2026-06-24 08:52] 80.40 (+0.00, +0.00%) ← 較前次 +0.00 (+0.00%) — 尚未開盤(距開盤8分鐘)，Yahoo/玩股網均顯示昨收價
[2026-06-24 08:58] 80.40 (+0.00, +0.00%) ← 較前次 +0.00 (+0.00%) — 尚未開盤(距開盤1分鐘)，盤前委買204張/委賣47張
[2026-06-24 09:02] 80.50 (+0.10, +0.12%) ← 較前次 +0.10 (+0.12%) — 盤前競價參考價(玩股網)，尚無成交資料
[2026-06-24 09:06] 80.40 (-0.10, -0.12%) ← 較前次 -0.10 (-0.12%) — 正式成交(Yahoo股市09:08)，開盤80.30，最高80.60，最低80.10
[2026-06-24 09:14] 80.10 (-0.30, -0.37%) ← 較前次 -0.30 (-0.37%) — 盤中成交，成交量1,434張，成交金額1.15億
[2026-06-24 09:19] 80.60 (+0.50, +0.62%) ← 較前次 +0.50 (+0.62%) — 盤中成交，成交量1,817張，成交金額1.46億
[2026-06-24 09:23] 80.20 (-0.40, -0.50%) ← 較前次 -0.40 (-0.50%) — 盤中成交，成交量788,000張，成交金額6.32億
[2026-06-24 09:29] 81.30 (+0.70, +0.87%) ← 較前次 +0.70 (+0.87%) — 盤中成交，成交量2,455張，成交金額1.98億
[2026-06-24 09:32] 80.20 (-1.10, -1.35%) ← 較前次 -1.10 (-1.35%) — 盤中成交(Yahoo 09:13)，成交量1,304張，開盤80.30，最高80.60，最低80.10，昨收80.40
[2026-06-24 09:37] 81.60 (+0.30, +0.37%) ← 較前次 +0.30 (+0.37%) — 盤中成交(Yahoo 09:37)，成交量3,444張，開盤80.30，最高82.00，最低80.10，昨收80.40
[2026-06-24 09:41] 81.80 (+0.20, +0.25%) ← 較前次 +0.20 (+0.25%) — 盤中成交(Yahoo 09:41)，成交量3,758張，開盤80.30，最高82.00，最低80.10，昨收80.40
[2026-06-24 09:44] 81.20 (-0.60, -0.73%) ← 較前次 -0.60 (-0.73%) — 盤中成交(Yahoo Finance 09:44)，成交量2,292張，開盤80.30，最高81.30，最低80.10，昨收80.40
[2026-06-24 09:50] 81.90 (+0.70, +0.86%) ← 較前次 +0.70 (+0.86%) — 盤中成交(Yahoo Finance 09:50)，成交量2,809張，開盤80.30，最高82.00，最低80.10，昨收80.40
[2026-06-24 09:54] 81.60 (-0.30, -0.37%) ← 較前次 -0.30 (-0.37%) — 盤中成交(Yahoo Finance 09:54)，成交量3,384,826張，開盤80.30，最高82.00，最低80.10，昨收80.40
[2026-06-24 09:58] 81.70 (+0.10, +0.12%) ← 較前次 +0.10 (+0.12%) — 盤中成交(Yahoo Finance 09:58)，成交量3,533,761張，開盤80.30，最高82.00，最低80.10，昨收80.40
[2026-06-24 10:02] 82.00 (+0.30, +0.37%) ← 較前次 +0.30 (+0.37%) — 盤中成交(Yahoo Finance 10:02)，成交量3,937,474張，開盤80.30，最高82.20，最低80.10，昨收80.40
[2026-06-24 10:06] 83.00 (+1.00, +1.22%) ← 較前次 +1.00 (+1.22%) — 盤中成交(Yahoo Finance 10:06)，成交量8,037千張，開盤80.30，最高83.80，最低80.10，昨收80.40，成交金額6.59億
[2026-06-24 10:10] 82.70 (-0.30, -0.36%) ← 較前次 -0.30 (-0.36%) — 盤中成交(Yahoo Finance 10:10)，成交量4,950,000張，開盤80.30，最高82.70，最低80.10，昨收80.40，市值221.805B，PE(TTM)15.49 ⚠️ 較昨收漲+2.86%超過2%閾值，已通知Telegram
[2026-06-24 10:20] 83.10 (+0.40, +0.48%) ← 較前次 +0.40 (+0.48%) — 盤中成交(Yahoo Finance 10:20)，成交量7,735,844張，開盤80.30，最高83.80，最低80.10，昨收80.40，市值222.878B，PE(TTM)15.56 ⚠️ 較昨收漲+3.36%，已通知Telegram
[2026-06-24 10:26] 83.00 (-0.10, -0.12%) ← 較前次 -0.10 (-0.12%) — 盤中成交(Yahoo Finance 10:26)，成交量8,081,665張，開盤80.30，最高83.80，最低80.10，昨收80.40，市值222.61B，PE(TTM)15.54 ⚠️ 較昨收漲+3.24%，已通知Telegram
[2026-06-24 10:33] 82.40 (-0.60, -0.72%) ← 較前次 -0.60 (-0.72%) — 盤中成交(TWSE API 10:33)，開盤80.30，最高83.80，最低80.10，昨收80.40 ⚠️ 較昨收漲+2.49%超過2%閾值，已通知Telegram
[2026-06-24 10:39] 82.20 (-0.50, -0.60%) ← 較前次 -0.50 (-0.60%) — 盤中成交(Yahoo Finance 10:39)，成交量9,386張，開盤80.30，最高83.80，最低80.10，昨收80.40，成交金額7.71億 ⚠️ 較昨收漲+2.24%超過2%閾值，已通知Telegram
